# JRE version: OpenJDK Runtime Environment Temurin-21.0.7+6 (21.0.7+6) (build 21.0.7+6-LTS)
# Java VM: OpenJDK 64-Bit Server VM Temurin-21.0.7+6 (21.0.7+6-LTS, mixed mode, sharing, tiered, compressed oops, compressed class ptrs, g1 gc, windows-amd64)
GC Precious Log:
 CardTable entry size: 512
 Card Set container configuration: InlinePtr #cards 5 size 8 Array Of Cards #cards 12 size 40 Howl #buckets 4 coarsen threshold 1843 Howl Bitmap #cards 512 size 80 coarsen threshold 460 Card regions per heap region 1 cards per card region 2048
 CPUs: 12 total, 12 available
 Memory: 7916M
 Large Page Support: Disabled
 NUMA Support: Disabled
 Compressed Oops: Enabled (32-bit)
 Heap Region Size: 1M
 Heap Min Capacity: 8M
 Heap Initial Capacity: 124M
 Heap Max Capacity: 1980M
 Pre-touch: Disabled
 Parallel Workers: 10
 Concurrent Workers: 3
 Concurrent Refinement Workers: 10
 Periodic GC: Disabled
Heap:
 garbage-first heap   total 254976K, used 169444K [0x0000000084400000, 0x0000000100000000)
  region size 1024K, 3 young (3072K), 3 survivors (3072K)
 Metaspace       used 77954K, committed 78976K, reserved 1179648K
  class space    used 8756K, committed 9216K, reserved 1048576K
GC Heap History (20 events):
Event: 53.512 GC heap before
{Heap before GC invocations=43 (full 0):
 garbage-first heap   total 165888K, used 151083K [0x0000000084400000, 0x0000000100000000)
  region size 1024K, 51 young (52224K), 5 survivors (5120K)
 Metaspace       used 73458K, committed 74432K, reserved 1179648K
  class space    used 8542K, committed 8960K, reserved 1048576K
}
Event: 53.526 GC heap after
{Heap after GC invocations=44 (full 0):
 garbage-first heap   total 199680K, used 108030K [0x0000000084400000, 0x0000000100000000)
  region size 1024K, 7 young (7168K), 7 survivors (7168K)
 Metaspace       used 73458K, committed 74432K, reserved 1179648K
  class space    used 8542K, committed 8960K, reserved 1048576K
}
Event: 54.969 GC heap before
{Heap before GC invocations=44 (full 0):
 garbage-first heap   total 199680K, used 135678K [0x0000000084400000, 0x0000000100000000)
  region size 1024K, 35 young (35840K), 7 survivors (7168K)
 Metaspace       used 74090K, committed 75072K, reserved 1179648K
  class space    used 8570K, committed 9024K, reserved 1048576K
}
Event: 54.982 GC heap after
{Heap after GC invocations=45 (full 0):
 garbage-first heap   total 199680K, used 111403K [0x0000000084400000, 0x0000000100000000)
  region size 1024K, 4 young (4096K), 4 survivors (4096K)
 Metaspace       used 74090K, committed 75072K, reserved 1179648K
  class space    used 8570K, committed 9024K, reserved 1048576K
}
Event: 56.610 GC heap before
{Heap before GC invocations=46 (full 0):
 garbage-first heap   total 199680K, used 181035K [0x0000000084400000, 0x0000000100000000)
  region size 1024K, 68 young (69632K), 4 survivors (4096K)
 Metaspace       used 74271K, committed 75200K, reserved 1179648K
  class space    used 8571K, committed 9024K, reserved 1048576K
}
Event: 56.624 GC heap after
{Heap after GC invocations=47 (full 0):
 garbage-first heap   total 199680K, used 119366K [0x0000000084400000, 0x0000000100000000)
  region size 1024K, 9 young (9216K), 9 survivors (9216K)
 Metaspace       used 74271K, committed 75200K, reserved 1179648K
  class space    used 8571K, committed 9024K, reserved 1048576K
}
Event: 59.191 GC heap before
{Heap before GC invocations=47 (full 0):
 garbage-first heap   total 199680K, used 180806K [0x0000000084400000, 0x0000000100000000)
  region size 1024K, 66 young (67584K), 9 survivors (9216K)
 Metaspace       used 75020K, committed 76032K, reserved 1179648K
  class space    used 8634K, committed 9088K, reserved 1048576K
}
Event: 59.213 GC heap after
{Heap after GC invocations=48 (full 0):
 garbage-first heap   total 202752K, used 128500K [0x0000000084400000, 0x0000000100000000)
  region size 1024K, 9 young (9216K), 9 survivors (9216K)
 Metaspace       used 75020K, committed 76032K, reserved 1179648K
  class space    used 8634K, committed 9088K, reserved 1048576K
}
Event: 62.931 GC heap before
{Heap before GC invocations=48 (full 0):
 garbage-first heap   total 202752K, used 173556K [0x0000000084400000, 0x0000000100000000)
  region size 1024K, 54 young (55296K), 9 survivors (9216K)
 Metaspace       used 76401K, committed 77440K, reserved 1179648K
  class space    used 8703K, committed 9216K, reserved 1048576K
}
Event: 62.954 GC heap after
{Heap after GC invocations=49 (full 0):
 garbage-first heap   total 202752K, used 135000K [0x0000000084400000, 0x0000000100000000)
  region size 1024K, 8 young (8192K), 8 survivors (8192K)
 Metaspace       used 76401K, committed 77440K, reserved 1179648K
  class space    used 8703K, committed 9216K, reserved 1048576K
}
Event: 63.708 GC heap before
{Heap before GC invocations=50 (full 0):
 garbage-first heap   total 230400K, used 184152K [0x0000000084400000, 0x0000000100000000)
  region size 1024K, 53 young (54272K), 8 survivors (8192K)
 Metaspace       used 76435K, committed 77440K, reserved 1179648K
  class space    used 8705K, committed 9216K, reserved 1048576K
}
Event: 63.735 GC heap after
{Heap after GC invocations=51 (full 0):
 garbage-first heap   total 230400K, used 141084K [0x0000000084400000, 0x0000000100000000)
  region size 1024K, 6 young (6144K), 6 survivors (6144K)
 Metaspace       used 76435K, committed 77440K, reserved 1179648K
  class space    used 8705K, committed 9216K, reserved 1048576K
}
Event: 67.753 GC heap before
{Heap before GC invocations=51 (full 0):
 garbage-first heap   total 230400K, used 209692K [0x0000000084400000, 0x0000000100000000)
  region size 1024K, 71 young (72704K), 6 survivors (6144K)
 Metaspace       used 77222K, committed 78208K, reserved 1179648K
  class space    used 8731K, committed 9216K, reserved 1048576K
}
Event: 67.799 GC heap after
{Heap after GC invocations=52 (full 0):
 garbage-first heap   total 230400K, used 148607K [0x0000000084400000, 0x0000000100000000)
  region size 1024K, 9 young (9216K), 9 survivors (9216K)
 Metaspace       used 77222K, committed 78208K, reserved 1179648K
  class space    used 8731K, committed 9216K, reserved 1048576K
}
Event: 67.864 GC heap before
{Heap before GC invocations=52 (full 0):
 garbage-first heap   total 230400K, used 152703K [0x0000000084400000, 0x0000000100000000)
  region size 1024K, 14 young (14336K), 9 survivors (9216K)
 Metaspace       used 77238K, committed 78208K, reserved 1179648K
  class space    used 8731K, committed 9216K, reserved 1048576K
}
Event: 67.875 GC heap after
{Heap after GC invocations=53 (full 0):
 garbage-first heap   total 230400K, used 151445K [0x0000000084400000, 0x0000000100000000)
  region size 1024K, 2 young (2048K), 2 survivors (2048K)
 Metaspace       used 77238K, committed 78208K, reserved 1179648K
  class space    used 8731K, committed 9216K, reserved 1048576K
}
Event: 70.140 GC heap before
{Heap before GC invocations=54 (full 0):
 garbage-first heap   total 254976K, used 209813K [0x0000000084400000, 0x0000000100000000)
  region size 1024K, 57 young (58368K), 2 survivors (2048K)
 Metaspace       used 77599K, committed 78592K, reserved 1179648K
  class space    used 8741K, committed 9216K, reserved 1048576K
}
Event: 70.158 GC heap after
{Heap after GC invocations=55 (full 0):
 garbage-first heap   total 254976K, used 157502K [0x0000000084400000, 0x0000000100000000)
  region size 1024K, 7 young (7168K), 7 survivors (7168K)
 Metaspace       used 77599K, committed 78592K, reserved 1179648K
  class space    used 8741K, committed 9216K, reserved 1048576K
}
Event: 72.139 GC heap before
{Heap before GC invocations=55 (full 0):
 garbage-first heap   total 254976K, used 230206K [0x0000000084400000, 0x0000000100000000)
  region size 1024K, 75 young (76800K), 7 survivors (7168K)
 Metaspace       used 77905K, committed 78912K, reserved 1179648K
  class space    used 8754K, committed 9216K, reserved 1048576K
}
Event: 72.160 GC heap after
{Heap after GC invocations=56 (full 0):
 garbage-first heap   total 254976K, used 164867K [0x0000000084400000, 0x0000000100000000)
  region size 1024K, 10 young (10240K), 10 survivors (10240K)
 Metaspace       used 77905K, committed 78912K, reserved 1179648K
  class space    used 8754K, committed 9216K, reserved 1048576K
}

